<?xml version="1.0" encoding="UTF-8"?>
<testsuite name="com.weightthumb.WeightthumbApplicationTests" tests="1" skipped="0" failures="0" errors="0" timestamp="2024-09-19T10:23:09" hostname="josoyeong-ui-MacBookPro.local" time="0.25">
  <properties/>
  <testcase name="contextLoads()" classname="com.weightthumb.WeightthumbApplicationTests" time="0.25"/>
  <system-out><![CDATA[19:23:07.610 [Test worker] INFO org.springframework.test.context.support.AnnotationConfigContextLoaderUtils -- Could not detect default configuration classes for test class [com.weightthumb.WeightthumbApplicationTests]: WeightthumbApplicationTests does not declare any static, non-private, non-final, nested classes annotated with @Configuration.
19:23:07.648 [Test worker] INFO org.springframework.boot.test.context.SpringBootTestContextBootstrapper -- Found @SpringBootConfiguration com.weightthumb.WeightthumbApplication for test class com.weightthumb.WeightthumbApplicationTests

  .   ____          _            __ _ _
 /\\ / ___'_ __ _ _(_)_ __  __ _ \ \ \ \
( ( )\___ | '_ | '_| | '_ \/ _` | \ \ \ \
 \\/  ___)| |_)| | | | | || (_| |  ) ) ) )
  '  |____| .__|_| |_|_| |_\__, | / / / /
 =========|_|==============|___/=/_/_/_/

 :: Spring Boot ::                (v3.3.3)

2024-09-19T19:23:07.797+09:00  INFO 9652 --- [    Test worker] c.w.WeightthumbApplicationTests          : Starting WeightthumbApplicationTests using Java 17.0.10 with PID 9652 (started by josoyeong in /Users/josoyeong/Desktop/back-end-dong)
2024-09-19T19:23:07.798+09:00  INFO 9652 --- [    Test worker] c.w.WeightthumbApplicationTests          : No active profile set, falling back to 1 default profile: "default"
2024-09-19T19:23:08.150+09:00  INFO 9652 --- [    Test worker] .s.d.r.c.RepositoryConfigurationDelegate : Bootstrapping Spring Data JPA repositories in DEFAULT mode.
2024-09-19T19:23:08.171+09:00  INFO 9652 --- [    Test worker] .s.d.r.c.RepositoryConfigurationDelegate : Finished Spring Data repository scanning in 19 ms. Found 2 JPA repository interfaces.
2024-09-19T19:23:08.365+09:00  INFO 9652 --- [    Test worker] o.hibernate.jpa.internal.util.LogHelper  : HHH000204: Processing PersistenceUnitInfo [name: default]
2024-09-19T19:23:08.384+09:00  INFO 9652 --- [    Test worker] org.hibernate.Version                    : HHH000412: Hibernate ORM core version 6.5.2.Final
2024-09-19T19:23:08.394+09:00  INFO 9652 --- [    Test worker] o.h.c.internal.RegionFactoryInitiator    : HHH000026: Second-level cache disabled
2024-09-19T19:23:08.495+09:00  INFO 9652 --- [    Test worker] o.s.o.j.p.SpringPersistenceUnitInfo      : No LoadTimeWeaver setup: ignoring JPA class transformer
2024-09-19T19:23:08.505+09:00  INFO 9652 --- [    Test worker] com.zaxxer.hikari.HikariDataSource       : HikariPool-1 - Starting...
2024-09-19T19:23:08.600+09:00  INFO 9652 --- [    Test worker] com.zaxxer.hikari.pool.HikariPool        : HikariPool-1 - Added connection org.mariadb.jdbc.Connection@57515944
2024-09-19T19:23:08.601+09:00  INFO 9652 --- [    Test worker] com.zaxxer.hikari.HikariDataSource       : HikariPool-1 - Start completed.
2024-09-19T19:23:08.948+09:00  INFO 9652 --- [    Test worker] o.h.e.t.j.p.i.JtaPlatformInitiator       : HHH000489: No JTA platform available (set 'hibernate.transaction.jta.platform' to enable JTA platform integration)
2024-09-19T19:23:08.949+09:00  INFO 9652 --- [    Test worker] j.LocalContainerEntityManagerFactoryBean : Initialized JPA EntityManagerFactory for persistence unit 'default'
2024-09-19T19:23:09.113+09:00  WARN 9652 --- [    Test worker] JpaBaseConfiguration$JpaWebConfiguration : spring.jpa.open-in-view is enabled by default. Therefore, database queries may be performed during view rendering. Explicitly configure spring.jpa.open-in-view to disable this warning
2024-09-19T19:23:09.120+09:00  WARN 9652 --- [    Test worker] .s.s.UserDetailsServiceAutoConfiguration : 

Using generated security password: 6a07a256-4530-4d6d-baeb-0f105cb37c7c

This generated password is for development use only. Your security configuration must be updated before running your application in production.

2024-09-19T19:23:09.131+09:00  INFO 9652 --- [    Test worker] r$InitializeUserDetailsManagerConfigurer : Global AuthenticationManager configured with UserDetailsService bean with name inMemoryUserDetailsManager
2024-09-19T19:23:09.157+09:00  INFO 9652 --- [    Test worker] o.s.b.a.w.s.WelcomePageHandlerMapping    : Adding welcome page template: index
2024-09-19T19:23:09.923+09:00  INFO 9652 --- [    Test worker] c.w.WeightthumbApplicationTests          : Started WeightthumbApplicationTests in 2.224 seconds (process running for 2.622)
]]></system-out>
  <system-err><![CDATA[]]></system-err>
</testsuite>
